<?xml version="1.0" encoding="UTF-8"?>
<!-- Generated by org.testng.reporters.JUnitXMLReporter -->
<testsuite ignored="0" hostname="shreeGrurdevDatta" failures="1" tests="30" name="Test" time="0.199" errors="0" timestamp="2023-07-18T17:27:02 IST">
  <testcase classname="com.testng.Demo2_BeforeClassAndAfterClass" name="Test1" time="0.005"/>
  <testcase classname="com.testng.Demo2_BeforeClassAndAfterClass" name="Test2" time="0.004"/>
  <testcase classname="com.testng.Demo5_invocation_ount" name="Test1" time="0.003"/>
  <testcase classname="com.testng.Demo5_invocation_ount" name="Test1" time="0.002"/>
  <testcase classname="com.testng.Demo5_invocation_ount" name="Test1" time="0.001"/>
  <testcase classname="com.testng.Demo5_invocation_ount" name="Test1" time="0.006"/>
  <testcase classname="com.testng.Demo5_invocation_ount" name="Test1" time="0.001"/>
  <testcase classname="com.testng.Demo5_invocation_ount" name="Test1" time="0.002"/>
  <testcase classname="com.testng.Demo5_invocation_ount" name="Test1" time="0.001"/>
  <testcase classname="com.testng.Demo5_invocation_ount" name="Test1" time="0.003"/>
  <testcase classname="com.testng.Demo5_invocation_ount" name="Test1" time="0.001"/>
  <testcase classname="com.testng.Demo5_invocation_ount" name="Test1" time="0.002"/>
  <testcase classname="com.testng.Demo3_Groupping" name="HomepageTest" time="0.002"/>
  <testcase classname="com.testng.Demo3_Groupping" name="SearchTest" time="0.001"/>
  <testcase classname="com.testng.Demo3_Groupping" name="Test1" time="0.001"/>
  <testcase classname="com.testng.Demo3_Groupping" name="Test2" time="0.001"/>
  <testcase classname="com.testng.Demo3_Groupping" name="Test3" time="0.0"/>
  <testcase classname="com.testng.Demo3_Groupping" name="loginTest" time="0.001"/>
  <testcase classname="com.testng.Demo3_Groupping" name="logoutButtonTest" time="0.001"/>
  <testcase classname="com.testng.Demo1" name="Test1" time="0.001"/>
  <testcase classname="com.testng.Demo1" name="Test2" time="0.001"/>
  <testcase classname="com.testng.Demo6_Priority" name="A" time="0.001"/>
  <testcase classname="com.testng.Demo6_Priority" name="m" time="0.001"/>
  <testcase classname="com.testng.Demo6_Priority" name="f" time="0.003"/>
  <testcase classname="com.testng.Demo6_Priority" name="X" time="0.001"/>
  <testcase classname="com.testng.Demo4_depandencey" name="loginpageTest" time="0.003">
    <failure type="java.lang.ArithmeticException" message="/ by zero">
      <![CDATA[java.lang.ArithmeticException: / by zero
at com.testng.Demo4_depandencey.loginpageTest(Demo4_depandencey.java:11)
at java.base/java.util.ArrayList.forEach(ArrayList.java:1511)
... Removed 25 stack frames]]>
    </failure>
  </testcase> <!-- loginpageTest -->
  <testcase classname="com.testng.Demo4_depandencey" name="homePageTest" time="0.0">
    <skipped/>
  </testcase> <!-- homePageTest -->
  <testcase classname="com.testng.Demo4_depandencey" name="logOutTest" time="0.0">
    <skipped/>
  </testcase> <!-- logOutTest -->
  <testcase classname="com.testng.Demo4_depandencey" name="searchpageTest" time="0.0">
    <skipped/>
  </testcase> <!-- searchpageTest -->
  <testcase classname="com.testng.Demo7_exceptedException" name="demoTest" time="0.001"/>
</testsuite> <!-- Test -->
