<?xml version="1.0" encoding="UTF-8"?>
<testng-results ignored="0" total="1" passed="1" failed="0" skipped="0">
  <reporter-output>
  </reporter-output>
  <suite started-at="2023-07-19T12:46:27 IST" name="Default suite" finished-at="2023-07-19T12:46:57 IST" duration-ms="29723">
    <groups>
    </groups>
    <test started-at="2023-07-19T12:46:27 IST" name="Default test" finished-at="2023-07-19T12:46:57 IST" duration-ms="29723">
      <class name="com.config.properties.freeCrmLoginTest">
        <test-method is-config="true" signature="SetUp()[pri:0, instance:com.config.properties.freeCrmLoginTest@4c371370]" started-at="2023-07-19T12:46:27 IST" name="SetUp" finished-at="2023-07-19T12:46:30 IST" duration-ms="2529" status="PASS">
          <reporter-output>
          </reporter-output>
        </test-method> <!-- SetUp -->
        <test-method signature="loginTest()[pri:0, instance:com.config.properties.freeCrmLoginTest@4c371370]" started-at="2023-07-19T12:46:30 IST" name="loginTest" finished-at="2023-07-19T12:46:57 IST" duration-ms="27024" status="PASS">
          <reporter-output>
          </reporter-output>
        </test-method> <!-- loginTest -->
        <test-method is-config="true" signature="tearDown()[pri:0, instance:com.config.properties.freeCrmLoginTest@4c371370]" started-at="2023-07-19T12:46:57 IST" name="tearDown" finished-at="2023-07-19T12:46:57 IST" duration-ms="112" status="PASS">
          <reporter-output>
          </reporter-output>
        </test-method> <!-- tearDown -->
      </class> <!-- com.config.properties.freeCrmLoginTest -->
    </test> <!-- Default test -->
  </suite> <!-- Default suite -->
</testng-results>
